[LOG] System::create                           : Header version = 1.10.08. Current version = 1.10.08.
[LOG] Manager::init                            : maxchannels = 256 studioflags = 00000006 flags 00000000 extradriverdata 0000000000000000.
[LOG] SystemI::init                            : Initialize version=11008 (96768), maxchannels=256, flags=0x00020000
[LOG] SystemI::setOutputInternal               : Setting output to 'FMOD WASAPI Output'
[LOG] OutputWASAPI::init                       : Mix Format (WAVEFORMATEX): wFormatTag=0xFFFE, nChannels=2, nSamplesPerSec=48000, nAvgBytesPerSec=384000, nBlockAlign=8, wBitsPerSample=32, cbSize=22.
[LOG] OutputWASAPI::init                       : Mix Format (WAVEFORMATEXTENSIBLE): wValidBitsPerSample=32, dwChannelMask=0x00000003, SubFormat=00000003-0000-0010-8000-00AA00389B71.
[LOG] OutputWASAPI::init                       : Output buffer size: 4096 samples, latency: 10.67ms, period: 10.00ms, DSP buffer: 1024 * 4
[LOG] Thread::initThread                       : Init FMOD stream thread. Priority: 2, Stack Size: 65536, Semaphore: No, Sleep Time: 10, Looping: Yes.
[LOG] Thread::initThread                       : Init FMOD mixer thread. Priority: 3, Stack Size: 49152, Semaphore: No, Sleep Time: 0, Looping: Yes.
[LOG] AsyncManager::init                       : manager 000000005130A808 isAsync 0 updatePeriod 0.02
[LOG] AsyncManager::init                       : done
[LOG] PlaybackSystem::init                     : 
[LOG] Thread::initThread                       : Init FMOD Studio sample load thread. Priority: 0, Stack Size: 65536, Semaphore: No, Sleep Time: 1, Looping: No.
[LOG] PlaybackSystem::init                     : done
[LOG] Thread::initThread                       : Init FMOD Studio bank load thread. Priority: 0, Stack Size: 65536, Semaphore: No, Sleep Time: 1, Looping: No.
[LOG] Manager::init                            : done.
[LOG] Manager::readBank                        : fileversion = 100, compatVersion = 99 (oldest = 44, newest = 100)
[LOG] SystemI::createSoundInternal             : Create name='', mode=0x02000202
[LOG] SystemI::createSoundInternal             : exinfo->cbsize             = 232
[LOG] SystemI::createSoundInternal             : exinfo->length             = 2243648
[LOG] SystemI::createSoundInternal             : exinfo->fileoffset         = 145248
[LOG] SystemI::createSoundInternal             : exinfo->numsubsounds       = 1
[LOG] SystemI::createSoundInternal             : exinfo->inclusionlist      = 000000005066F5FC
[LOG] SystemI::createSoundInternal             : exinfo->inclusionlistnum   = 1
[LOG] SystemI::createSoundInternal             : exinfo->suggestedsoundtype = 5
[LOG] SystemI::createSoundInternal             : exinfo->useropen           = 000007FED56BDA20
[LOG] SystemI::createSoundInternal             : exinfo->userclose          = 000007FED56BD9F0
[LOG] SystemI::createSoundInternal             : exinfo->userread           = 000007FED56BDAF0
[LOG] SystemI::createSoundInternal             : exinfo->userseek           = 000007FED56BDBB0
[LOG] SystemI::createSoundInternal             : exinfo->fileuserdata       = 000000005124D5F8
[LOG] SystemI::createSoundInternal             : exinfo->initialseekpostype = 1
[LOG] SystemI::DSPCodecPoolRegister            : register codec pool for pool type 5
[LOG] SystemI::createSoundInternal             : Sample 0/1: name='grunt03', format=2, channels=2, frequency=48000, lengthbytes=5792, lengthpcm=21395, pcmblocksize=0, loopstart=0, loopend=0, mode=0x00000000, channelmask=0x00000000, channelorder=0, peakvolume=0.037323.
[LOG] SystemI::createSoundInternal             : Create name='', mode=0x02000202
[LOG] SystemI::createSoundInternal             : exinfo->cbsize             = 232
[LOG] SystemI::createSoundInternal             : exinfo->length             = 2243648
[LOG] SystemI::createSoundInternal             : exinfo->fileoffset         = 145248
[LOG] SystemI::createSoundInternal             : exinfo->numsubsounds       = 1
[LOG] SystemI::createSoundInternal             : exinfo->inclusionlist      = 000000005066F5FC
[LOG] SystemI::createSoundInternal             : exinfo->inclusionlistnum   = 1
[LOG] SystemI::createSoundInternal             : exinfo->suggestedsoundtype = 5
[LOG] SystemI::createSoundInternal             : exinfo->useropen           = 000007FED56BDA20
[LOG] SystemI::createSoundInternal             : exinfo->userclose          = 000007FED56BD9F0
[LOG] SystemI::createSoundInternal             : exinfo->userread           = 000007FED56BDAF0
[LOG] SystemI::createSoundInternal             : exinfo->userseek           = 000007FED56BDBB0
[LOG] SystemI::createSoundInternal             : exinfo->fileuserdata       = 000000005124D5F8
[LOG] SystemI::createSoundInternal             : exinfo->initialseekpostype = 1
[LOG] SystemI::DSPCodecPoolRegister            : register codec pool for pool type 5
[LOG] SystemI::createSoundInternal             : Sample 0/1: name='grunt04', format=2, channels=2, frequency=48000, lengthbytes=5600, lengthpcm=20839, pcmblocksize=0, loopstart=0, loopend=0, mode=0x00000000, channelmask=0x00000000, channelorder=0, peakvolume=0.028839.
[LOG] SystemI::createSoundInternal             : Create name='', mode=0x02000202
[LOG] SystemI::createSoundInternal             : exinfo->cbsize             = 232
[LOG] SystemI::createSoundInternal             : exinfo->length             = 2243648
[LOG] SystemI::createSoundInternal             : exinfo->fileoffset         = 145248
[LOG] SystemI::createSoundInternal             : exinfo->numsubsounds       = 1
[LOG] SystemI::createSoundInternal             : exinfo->inclusionlist      = 000000005066F5FC
[LOG] SystemI::createSoundInternal             : exinfo->inclusionlistnum   = 1
[LOG] SystemI::createSoundInternal             : exinfo->suggestedsoundtype = 5
[LOG] SystemI::createSoundInternal             : exinfo->useropen           = 000007FED56BDA20
[LOG] SystemI::createSoundInternal             : exinfo->userclose          = 000007FED56BD9F0
[LOG] SystemI::createSoundInternal             : exinfo->userread           = 000007FED56BDAF0
[LOG] SystemI::createSoundInternal             : exinfo->userseek           = 000007FED56BDBB0
[LOG] SystemI::createSoundInternal             : exinfo->fileuserdata       = 000000005124D5F8
[LOG] SystemI::createSoundInternal             : exinfo->initialseekpostype = 1
[LOG] SystemI::DSPCodecPoolRegister            : register codec pool for pool type 5
[LOG] SystemI::createSoundInternal             : Sample 0/1: name='grunt01', format=2, channels=2, frequency=48000, lengthbytes=10848, lengthpcm=42234, pcmblocksize=0, loopstart=0, loopend=0, mode=0x00000000, channelmask=0x00000000, channelorder=0, peakvolume=0.135040.
[LOG] SystemI::createSoundInternal             : Create name='', mode=0x02000202
[LOG] SystemI::createSoundInternal             : exinfo->cbsize             = 232
[LOG] SystemI::createSoundInternal             : exinfo->length             = 2243648
[LOG] SystemI::createSoundInternal             : exinfo->fileoffset         = 145248
[LOG] SystemI::createSoundInternal             : exinfo->numsubsounds       = 1
[LOG] SystemI::createSoundInternal             : exinfo->inclusionlist      = 000000005066F5FC
[LOG] SystemI::createSoundInternal             : exinfo->inclusionlistnum   = 1
[LOG] SystemI::createSoundInternal             : exinfo->suggestedsoundtype = 5
[LOG] SystemI::createSoundInternal             : exinfo->useropen           = 000007FED56BDA20
[LOG] SystemI::createSoundInternal             : exinfo->userclose          = 000007FED56BD9F0
[LOG] SystemI::createSoundInternal             : exinfo->userread           = 000007FED56BDAF0
[LOG] SystemI::createSoundInternal             : exinfo->userseek           = 000007FED56BDBB0
[LOG] SystemI::createSoundInternal             : exinfo->fileuserdata       = 000000005124D5F8
[LOG] SystemI::createSoundInternal             : exinfo->initialseekpostype = 1
[LOG] SystemI::DSPCodecPoolRegister            : register codec pool for pool type 5
[LOG] SystemI::createSoundInternal             : Sample 0/1: name='grunt05', format=2, channels=2, frequency=48000, lengthbytes=5568, lengthpcm=21325, pcmblocksize=0, loopstart=0, loopend=0, mode=0x00000000, channelmask=0x00000000, channelorder=0, peakvolume=0.053955.
[LOG] SystemI::createSoundInternal             : Create name='', mode=0x02000202
[LOG] SystemI::createSoundInternal             : exinfo->cbsize             = 232
[LOG] SystemI::createSoundInternal             : exinfo->length             = 2243648
[LOG] SystemI::createSoundInternal             : exinfo->fileoffset         = 145248
[LOG] SystemI::createSoundInternal             : exinfo->numsubsounds       = 1
[LOG] SystemI::createSoundInternal             : exinfo->inclusionlist      = 000000005066F5FC
[LOG] SystemI::createSoundInternal             : exinfo->inclusionlistnum   = 1
[LOG] SystemI::createSoundInternal             : exinfo->suggestedsoundtype = 5
[LOG] SystemI::createSoundInternal             : exinfo->useropen           = 000007FED56BDA20
[LOG] SystemI::createSoundInternal             : exinfo->userclose          = 000007FED56BD9F0
[LOG] SystemI::createSoundInternal             : exinfo->userread           = 000007FED56BDAF0
[LOG] SystemI::createSoundInternal             : exinfo->userseek           = 000007FED56BDBB0
[LOG] SystemI::createSoundInternal             : exinfo->fileuserdata       = 000000005124D5F8
[LOG] SystemI::createSoundInternal             : exinfo->initialseekpostype = 1
[LOG] SystemI::DSPCodecPoolRegister            : register codec pool for pool type 5
[LOG] SystemI::createSoundInternal             : Sample 0/1: name='grunt02', format=2, channels=2, frequency=48000, lengthbytes=8736, lengthpcm=33344, pcmblocksize=0, loopstart=0, loopend=0, mode=0x00000000, channelmask=0x00000000, channelorder=0, peakvolume=0.085968.
[LOG] SystemI::createSoundInternal             : Create name='', mode=0x02000202
[LOG] SystemI::createSoundInternal             : exinfo->cbsize             = 232
[LOG] SystemI::createSoundInternal             : exinfo->length             = 2243648
[LOG] SystemI::createSoundInternal             : exinfo->fileoffset         = 145248
[LOG] SystemI::createSoundInternal             : exinfo->numsubsounds       = 1
[LOG] SystemI::createSoundInternal             : exinfo->inclusionlist      = 000000005066F5FC
[LOG] SystemI::createSoundInternal             : exinfo->inclusionlistnum   = 1
[LOG] SystemI::createSoundInternal             : exinfo->suggestedsoundtype = 5
[LOG] SystemI::createSoundInternal             : exinfo->useropen           = 000007FED56BDA20
[LOG] SystemI::createSoundInternal             : exinfo->userclose          = 000007FED56BD9F0
[LOG] SystemI::createSoundInternal             : exinfo->userread           = 000007FED56BDAF0
[LOG] SystemI::createSoundInternal             : exinfo->userseek           = 000007FED56BDBB0
[LOG] SystemI::createSoundInternal             : exinfo->fileuserdata       = 000000005124D5F8
[LOG] SystemI::createSoundInternal             : exinfo->initialseekpostype = 1
[LOG] SystemI::DSPCodecPoolRegister            : register codec pool for pool type 5
[LOG] SystemI::createSoundInternal             : Sample 0/1: name='barrelMain01', format=2, channels=1, frequency=48000, lengthbytes=17376, lengthpcm=112869, pcmblocksize=0, loopstart=0, loopend=0, mode=0x00000000, channelmask=0x00000000, channelorder=0, peakvolume=0.666796.
[LOG] SystemI::createSoundInternal             : Create name='', mode=0x02000202
[LOG] SystemI::createSoundInternal             : exinfo->cbsize             = 232
[LOG] SystemI::createSoundInternal             : exinfo->length             = 2243648
[LOG] SystemI::createSoundInternal             : exinfo->fileoffset         = 145248
[LOG] SystemI::createSoundInternal             : exinfo->numsubsounds       = 1
[LOG] SystemI::createSoundInternal             : exinfo->inclusionlist      = 000000005066F5FC
[LOG] SystemI::createSoundInternal             : exinfo->inclusionlistnum   = 1
[LOG] SystemI::createSoundInternal             : exinfo->suggestedsoundtype = 5
[LOG] SystemI::createSoundInternal             : exinfo->useropen           = 000007FED56BDA20
[LOG] SystemI::createSoundInternal             : exinfo->userclose          = 000007FED56BD9F0
[LOG] SystemI::createSoundInternal             : exinfo->userread           = 000007FED56BDAF0
[LOG] SystemI::createSoundInternal             : exinfo->userseek           = 000007FED56BDBB0
[LOG] SystemI::createSoundInternal             : exinfo->fileuserdata       = 000000005124D5F8
[LOG] SystemI::createSoundInternal             : exinfo->initialseekpostype = 1
[LOG] SystemI::DSPCodecPoolRegister            : register codec pool for pool type 5
[LOG] SystemI::createSoundInternal             : Sample 0/1: name='barrel04', format=2, channels=2, frequency=48000, lengthbytes=9344, lengthpcm=35858, pcmblocksize=0, loopstart=0, loopend=0, mode=0x00000000, channelmask=0x00000000, channelorder=0, peakvolume=0.190887.
[LOG] SystemI::createSoundInternal             : Create name='', mode=0x02000202
[LOG] SystemI::createSoundInternal             : exinfo->cbsize             = 232
[LOG] SystemI::createSoundInternal             : exinfo->length             = 2243648
[LOG] SystemI::createSoundInternal             : exinfo->fileoffset         = 145248
[LOG] SystemI::createSoundInternal             : exinfo->numsubsounds       = 1
[LOG] SystemI::createSoundInternal             : exinfo->inclusionlist      = 000000005066F5FC
[LOG] SystemI::createSoundInternal             : exinfo->inclusionlistnum   = 1
[LOG] SystemI::createSoundInternal             : exinfo->suggestedsoundtype = 5
[LOG] SystemI::createSoundInternal             : exinfo->useropen           = 000007FED56BDA20
[LOG] SystemI::createSoundInternal             : exinfo->userclose          = 000007FED56BD9F0
[LOG] SystemI::createSoundInternal             : exinfo->userread           = 000007FED56BDAF0
[LOG] SystemI::createSoundInternal             : exinfo->userseek           = 000007FED56BDBB0
[LOG] SystemI::createSoundInternal             : exinfo->fileuserdata       = 000000005124D5F8
[LOG] SystemI::createSoundInternal             : exinfo->initialseekpostype = 1
[LOG] SystemI::DSPCodecPoolRegister            : register codec pool for pool type 5
[LOG] SystemI::createSoundInternal             : Sample 0/1: name='barrel01', format=2, channels=2, frequency=48000, lengthbytes=20352, lengthpcm=82575, pcmblocksize=0, loopstart=0, loopend=0, mode=0x00000000, channelmask=0x00000000, channelorder=0, peakvolume=0.482481.
[LOG] SystemI::createSoundInternal             : Create name='', mode=0x02000202
[LOG] SystemI::createSoundInternal             : exinfo->cbsize             = 232
[LOG] SystemI::createSoundInternal             : exinfo->length             = 2243648
[LOG] SystemI::createSoundInternal             : exinfo->fileoffset         = 145248
[LOG] SystemI::createSoundInternal             : exinfo->numsubsounds       = 1
[LOG] SystemI::createSoundInternal             : exinfo->inclusionlist      = 000000005066F5FC
[LOG] SystemI::createSoundInternal             : exinfo->inclusionlistnum   = 1
[LOG] SystemI::createSoundInternal             : exinfo->suggestedsoundtype = 5
[LOG] SystemI::createSoundInternal             : exinfo->useropen           = 000007FED56BDA20
[LOG] SystemI::createSoundInternal             : exinfo->userclose          = 000007FED56BD9F0
[LOG] SystemI::createSoundInternal             : exinfo->userread           = 000007FED56BDAF0
[LOG] SystemI::createSoundInternal             : exinfo->userseek           = 000007FED56BDBB0
[LOG] SystemI::createSoundInternal             : exinfo->fileuserdata       = 000000005124D5F8
[LOG] SystemI::createSoundInternal             : exinfo->initialseekpostype = 1
[LOG] SystemI::DSPCodecPoolRegister            : register codec pool for pool type 5
[LOG] SystemI::createSoundInternal             : Sample 0/1: name='metalSoftWallHit02', format=2, channels=2, frequency=48000, lengthbytes=6336, lengthpcm=25296, pcmblocksize=0, loopstart=0, loopend=0, mode=0x00000000, channelmask=0x00000000, channelorder=0, peakvolume=0.034668.
[LOG] SystemI::createSoundInternal             : Create name='', mode=0x02000202
[LOG] SystemI::createSoundInternal             : exinfo->cbsize             = 232
[LOG] SystemI::createSoundInternal             : exinfo->length             = 2243648
[LOG] SystemI::createSoundInternal             : exinfo->fileoffset         = 145248
[LOG] SystemI::createSoundInternal             : exinfo->numsubsounds       = 1
[LOG] SystemI::createSoundInternal             : exinfo->inclusionlist      = 000000005066F5FC
[LOG] SystemI::createSoundInternal             : exinfo->inclusionlistnum   = 1
[LOG] SystemI::createSoundInternal             : exinfo->suggestedsoundtype = 5
[LOG] SystemI::createSoundInternal             : exinfo->useropen           = 000007FED56BDA20
[LOG] SystemI::createSoundInternal             : exinfo->userclose          = 000007FED56BD9F0
[LOG] SystemI::createSoundInternal             : exinfo->userread           = 000007FED56BDAF0
[LOG] SystemI::createSoundInternal             : exinfo->userseek           = 000007FED56BDBB0
[LOG] SystemI::createSoundInternal             : exinfo->fileuserdata       = 000000005124D5F8
[LOG] SystemI::createSoundInternal             : exinfo->initialseekpostype = 1
[LOG] SystemI::DSPCodecPoolRegister            : register codec pool for pool type 5
[LOG] SystemI::createSoundInternal             : Sample 0/1: name='metalHardWallHit01', format=2, channels=2, frequency=48000, lengthbytes=12032, lengthpcm=49441, pcmblocksize=0, loopstart=0, loopend=0, mode=0x00000000, channelmask=0x00000000, channelorder=0, peakvolume=0.606384.
[LOG] SystemI::createSoundInternal             : Create name='', mode=0x02000202
[LOG] SystemI::createSoundInternal             : exinfo->cbsize             = 232
[LOG] SystemI::createSoundInternal             : exinfo->length             = 2243648
[LOG] SystemI::createSoundInternal             : exinfo->fileoffset         = 145248
[LOG] SystemI::createSoundInternal             : exinfo->numsubsounds       = 1
[LOG] SystemI::createSoundInternal             : exinfo->inclusionlist      = 000000005066F5FC
[LOG] SystemI::createSoundInternal             : exinfo->inclusionlistnum   = 1
[LOG] SystemI::createSoundInternal             : exinfo->suggestedsoundtype = 5
[LOG] SystemI::createSoundInternal             : exinfo->useropen           = 000007FED56BDA20
[LOG] SystemI::createSoundInternal             : exinfo->userclose          = 000007FED56BD9F0
[LOG] SystemI::createSoundInternal             : exinfo->userread           = 000007FED56BDAF0
[LOG] SystemI::createSoundInternal             : exinfo->userseek           = 000007FED56BDBB0
[LOG] SystemI::createSoundInternal             : exinfo->fileuserdata       = 000000005124D5F8
[LOG] SystemI::createSoundInternal             : exinfo->initialseekpostype = 1
[LOG] SystemI::DSPCodecPoolRegister            : register codec pool for pool type 5
[LOG] SystemI::createSoundInternal             : Sample 0/1: name='metalHardWallHit02', format=2, channels=2, frequency=48000, lengthbytes=6208, lengthpcm=25296, pcmblocksize=0, loopstart=0, loopend=0, mode=0x00000000, channelmask=0x00000000, channelorder=0, peakvolume=0.152069.
[LOG] SystemI::createSoundInternal             : Create name='', mode=0x02000202
[LOG] SystemI::createSoundInternal             : exinfo->cbsize             = 232
[LOG] SystemI::createSoundInternal             : exinfo->length             = 2243648
[LOG] SystemI::createSoundInternal             : exinfo->fileoffset         = 145248
[LOG] SystemI::createSoundInternal             : exinfo->numsubsounds       = 1
[LOG] SystemI::createSoundInternal             : exinfo->inclusionlist      = 000000005066F5FC
[LOG] SystemI::createSoundInternal             : exinfo->inclusionlistnum   = 1
[LOG] SystemI::createSoundInternal             : exinfo->suggestedsoundtype = 5
[LOG] SystemI::createSoundInternal             : exinfo->useropen           = 000007FED56BDA20
[LOG] SystemI::createSoundInternal             : exinfo->userclose          = 000007FED56BD9F0
[LOG] SystemI::createSoundInternal             : exinfo->userread           = 000007FED56BDAF0
[LOG] SystemI::createSoundInternal             : exinfo->userseek           = 000007FED56BDBB0
[LOG] SystemI::createSoundInternal             : exinfo->fileuserdata       = 000000005124D5F8
[LOG] SystemI::createSoundInternal             : exinfo->initialseekpostype = 1
[LOG] SystemI::DSPCodecPoolRegister            : register codec pool for pool type 5
[LOG] SystemI::createSoundInternal             : Sample 0/1: name='barrel05', format=2, channels=2, frequency=48000, lengthbytes=15168, lengthpcm=71873, pcmblocksize=0, loopstart=0, loopend=0, mode=0x00000000, channelmask=0x00000000, channelorder=0, peakvolume=1.000000.
[LOG] SystemI::createSoundInternal             : Create name='', mode=0x02000202
[LOG] SystemI::createSoundInternal             : exinfo->cbsize             = 232
[LOG] SystemI::createSoundInternal             : exinfo->length             = 2243648
[LOG] SystemI::createSoundInternal             : exinfo->fileoffset         = 145248
[LOG] SystemI::createSoundInternal             : exinfo->numsubsounds       = 1
[LOG] SystemI::createSoundInternal             : exinfo->inclusionlist      = 000000005066F5FC
[LOG] SystemI::createSoundInternal             : exinfo->inclusionlistnum   = 1
[LOG] SystemI::createSoundInternal             : exinfo->suggestedsoundtype = 5
[LOG] SystemI::createSoundInternal             : exinfo->useropen           = 000007FED56BDA20
[LOG] SystemI::createSoundInternal             : exinfo->userclose          = 000007FED56BD9F0
[LOG] SystemI::createSoundInternal             : exinfo->userread           = 000007FED56BDAF0
[LOG] SystemI::createSoundInternal             : exinfo->userseek           = 000007FED56BDBB0
[LOG] SystemI::createSoundInternal             : exinfo->fileuserdata       = 000000005124D5F8
[LOG] SystemI::createSoundInternal             : exinfo->initialseekpostype = 1
[LOG] SystemI::DSPCodecPoolRegister            : register codec pool for pool type 5
[LOG] SystemI::createSoundInternal             : Sample 0/1: name='barrel02', format=2, channels=2, frequency=48000, lengthbytes=19360, lengthpcm=76662, pcmblocksize=0, loopstart=0, loopend=0, mode=0x00000000, channelmask=0x00000000, channelorder=0, peakvolume=0.316223.
[LOG] SystemI::createSoundInternal             : Create name='', mode=0x02000202
[LOG] SystemI::createSoundInternal             : exinfo->cbsize             = 232
[LOG] SystemI::createSoundInternal             : exinfo->length             = 2243648
[LOG] SystemI::createSoundInternal             : exinfo->fileoffset         = 145248
[LOG] SystemI::createSoundInternal             : exinfo->numsubsounds       = 1
[LOG] SystemI::createSoundInternal             : exinfo->inclusionlist      = 000000005066F5FC
[LOG] SystemI::createSoundInternal             : exinfo->inclusionlistnum   = 1
[LOG] SystemI::createSoundInternal             : exinfo->suggestedsoundtype = 5
[LOG] SystemI::createSoundInternal             : exinfo->useropen           = 000007FED56BDA20
[LOG] SystemI::createSoundInternal             : exinfo->userclose          = 000007FED56BD9F0
[LOG] SystemI::createSoundInternal             : exinfo->userread           = 000007FED56BDAF0
[LOG] SystemI::createSoundInternal             : exinfo->userseek           = 000007FED56BDBB0
[LOG] SystemI::createSoundInternal             : exinfo->fileuserdata       = 000000005124D5F8
[LOG] SystemI::createSoundInternal             : exinfo->initialseekpostype = 1
[LOG] SystemI::DSPCodecPoolRegister            : register codec pool for pool type 5
[LOG] SystemI::createSoundInternal             : Sample 0/1: name='metalSoftWallHit03', format=2, channels=2, frequency=48000, lengthbytes=6592, lengthpcm=26589, pcmblocksize=0, loopstart=0, loopend=0, mode=0x00000000, channelmask=0x00000000, channelorder=0, peakvolume=0.061188.
[LOG] SystemI::createSoundInternal             : Create name='', mode=0x02000202
[LOG] SystemI::createSoundInternal             : exinfo->cbsize             = 232
[LOG] SystemI::createSoundInternal             : exinfo->length             = 2243648
[LOG] SystemI::createSoundInternal             : exinfo->fileoffset         = 145248
[LOG] SystemI::createSoundInternal             : exinfo->numsubsounds       = 1
[LOG] SystemI::createSoundInternal             : exinfo->inclusionlist      = 000000005066F5FC
[LOG] SystemI::createSoundInternal             : exinfo->inclusionlistnum   = 1
[LOG] SystemI::createSoundInternal             : exinfo->suggestedsoundtype = 5
[LOG] SystemI::createSoundInternal             : exinfo->useropen           = 000007FED56BDA20
[LOG] SystemI::createSoundInternal             : exinfo->userclose          = 000007FED56BD9F0
[LOG] SystemI::createSoundInternal             : exinfo->userread           = 000007FED56BDAF0
[LOG] SystemI::createSoundInternal             : exinfo->userseek           = 000007FED56BDBB0
[LOG] SystemI::createSoundInternal             : exinfo->fileuserdata       = 000000005124D5F8
[LOG] SystemI::createSoundInternal             : exinfo->initialseekpostype = 1
[LOG] SystemI::DSPCodecPoolRegister            : register codec pool for pool type 5
[LOG] SystemI::createSoundInternal             : Sample 0/1: name='metalHardWallHit03', format=2, channels=2, frequency=48000, lengthbytes=9632, lengthpcm=38231, pcmblocksize=0, loopstart=0, loopend=0, mode=0x00000000, channelmask=0x00000000, channelorder=0, peakvolume=0.283600.
[LOG] SystemI::createSoundInternal             : Create name='', mode=0x02000202
[LOG] SystemI::createSoundInternal             : exinfo->cbsize             = 232
[LOG] SystemI::createSoundInternal             : exinfo->length             = 2243648
[LOG] SystemI::createSoundInternal             : exinfo->fileoffset         = 145248
[LOG] SystemI::createSoundInternal             : exinfo->numsubsounds       = 1
[LOG] SystemI::createSoundInternal             : exinfo->inclusionlist      = 000000005066F5FC
[LOG] SystemI::createSoundInternal             : exinfo->inclusionlistnum   = 1
[LOG] SystemI::createSoundInternal             : exinfo->suggestedsoundtype = 5
[LOG] SystemI::createSoundInternal             : exinfo->useropen           = 000007FED56BDA20
[LOG] SystemI::createSoundInternal             : exinfo->userclose          = 000007FED56BD9F0
[LOG] SystemI::createSoundInternal             : exinfo->userread           = 000007FED56BDAF0
[LOG] SystemI::createSoundInternal             : exinfo->userseek           = 000007FED56BDBB0
[LOG] SystemI::createSoundInternal             : exinfo->fileuserdata       = 000000005124D5F8
[LOG] SystemI::createSoundInternal             : exinfo->initialseekpostype = 1
[LOG] SystemI::DSPCodecPoolRegister            : register codec pool for pool type 5
[LOG] SystemI::createSoundInternal             : Sample 0/1: name='metalSoftWallHit04', format=2, channels=2, frequency=48000, lengthbytes=7104, lengthpcm=28601, pcmblocksize=0, loopstart=0, loopend=0, mode=0x00000000, channelmask=0x00000000, channelorder=0, peakvolume=0.030884.
[LOG] SystemI::createSoundInternal             : Create name='', mode=0x02000202
[LOG] SystemI::createSoundInternal             : exinfo->cbsize             = 232
[LOG] SystemI::createSoundInternal             : exinfo->length             = 2243648
[LOG] SystemI::createSoundInternal             : exinfo->fileoffset         = 145248
[LOG] SystemI::createSoundInternal             : exinfo->numsubsounds       = 1
[LOG] SystemI::createSoundInternal             : exinfo->inclusionlist      = 000000005066F5FC
[LOG] SystemI::createSoundInternal             : exinfo->inclusionlistnum   = 1
[LOG] SystemI::createSoundInternal             : exinfo->suggestedsoundtype = 5
[LOG] SystemI::createSoundInternal             : exinfo->useropen           = 000007FED56BDA20
[LOG] SystemI::createSoundInternal             : exinfo->userclose          = 000007FED56BD9F0
[LOG] SystemI::createSoundInternal             : exinfo->userread           = 000007FED56BDAF0
[LOG] SystemI::createSoundInternal             : exinfo->userseek           = 000007FED56BDBB0
[LOG] SystemI::createSoundInternal             : exinfo->fileuserdata       = 000000005124D5F8
[LOG] SystemI::createSoundInternal             : exinfo->initialseekpostype = 1
[LOG] SystemI::DSPCodecPoolRegister            : register codec pool for pool type 5
[LOG] SystemI::createSoundInternal             : Sample 0/1: name='metalHardWallHit05', format=2, channels=2, frequency=48000, lengthbytes=6656, lengthpcm=26589, pcmblocksize=0, loopstart=0, loopend=0, mode=0x00000000, channelmask=0x00000000, channelorder=0, peakvolume=0.267151.
[LOG] SystemI::createSoundInternal             : Create name='', mode=0x02000202
[LOG] SystemI::createSoundInternal             : exinfo->cbsize             = 232
[LOG] SystemI::createSoundInternal             : exinfo->length             = 2243648
[LOG] SystemI::createSoundInternal             : exinfo->fileoffset         = 145248
[LOG] SystemI::createSoundInternal             : exinfo->numsubsounds       = 1
[LOG] SystemI::createSoundInternal             : exinfo->inclusionlist      = 000000005066F5FC
[LOG] SystemI::createSoundInternal             : exinfo->inclusionlistnum   = 1
[LOG] SystemI::createSoundInternal             : exinfo->suggestedsoundtype = 5
[LOG] SystemI::createSoundInternal             : exinfo->useropen           = 000007FED56BDA20
[LOG] SystemI::createSoundInternal             : exinfo->userclose          = 000007FED56BD9F0
[LOG] SystemI::createSoundInternal             : exinfo->userread           = 000007FED56BDAF0
[LOG] SystemI::createSoundInternal             : exinfo->userseek           = 000007FED56BDBB0
[LOG] SystemI::createSoundInternal             : exinfo->fileuserdata       = 000000005124D5F8
[LOG] SystemI::createSoundInternal             : exinfo->initialseekpostype = 1
[LOG] SystemI::DSPCodecPoolRegister            : register codec pool for pool type 5
[LOG] SystemI::createSoundInternal             : Sample 0/1: name='metalSoftWallHit05', format=2, channels=2, frequency=48000, lengthbytes=7136, lengthpcm=28744, pcmblocksize=0, loopstart=0, loopend=0, mode=0x00000000, channelmask=0x00000000, channelorder=0, peakvolume=0.073792.
[LOG] SystemI::createSoundInternal             : Create name='', mode=0x02000202
[LOG] SystemI::createSoundInternal             : exinfo->cbsize             = 232
[LOG] SystemI::createSoundInternal             : exinfo->length             = 2243648
[LOG] SystemI::createSoundInternal             : exinfo->fileoffset         = 145248
[LOG] SystemI::createSoundInternal             : exinfo->numsubsounds       = 1
[LOG] SystemI::createSoundInternal             : exinfo->inclusionlist      = 000000005066F5FC
[LOG] SystemI::createSoundInternal             : exinfo->inclusionlistnum   = 1
[LOG] SystemI::createSoundInternal             : exinfo->suggestedsoundtype = 5
[LOG] SystemI::createSoundInternal             : exinfo->useropen           = 000007FED56BDA20
[LOG] SystemI::createSoundInternal             : exinfo->userclose          = 000007FED56BD9F0
[LOG] SystemI::createSoundInternal             : exinfo->userread           = 000007FED56BDAF0
[LOG] SystemI::createSoundInternal             : exinfo->userseek           = 000007FED56BDBB0
[LOG] SystemI::createSoundInternal             : exinfo->fileuserdata       = 000000005124D5F8
[LOG] SystemI::createSoundInternal             : exinfo->initialseekpostype = 1
[LOG] SystemI::DSPCodecPoolRegister            : register codec pool for pool type 5
[LOG] SystemI::createSoundInternal             : Sample 0/1: name='barrel06', format=2, channels=1, frequency=48000, lengthbytes=7616, lengthpcm=41232, pcmblocksize=0, loopstart=0, loopend=0, mode=0x00000000, channelmask=0x00000000, channelorder=0, peakvolume=0.937561.
[LOG] SystemI::createSoundInternal             : Create name='', mode=0x02000202
[LOG] SystemI::createSoundInternal             : exinfo->cbsize             = 232
[LOG] SystemI::createSoundInternal             : exinfo->length             = 2243648
[LOG] SystemI::createSoundInternal             : exinfo->fileoffset         = 145248
[LOG] SystemI::createSoundInternal             : exinfo->numsubsounds       = 1
[LOG] SystemI::createSoundInternal             : exinfo->inclusionlist      = 000000005066F5FC
[LOG] SystemI::createSoundInternal             : exinfo->inclusionlistnum   = 1
[LOG] SystemI::createSoundInternal             : exinfo->suggestedsoundtype = 5
[LOG] SystemI::createSoundInternal             : exinfo->useropen           = 000007FED56BDA20
[LOG] SystemI::createSoundInternal             : exinfo->userclose          = 000007FED56BD9F0
[LOG] SystemI::createSoundInternal             : exinfo->userread           = 000007FED56BDAF0
[LOG] SystemI::createSoundInternal             : exinfo->userseek           = 000007FED56BDBB0
[LOG] SystemI::createSoundInternal             : exinfo->fileuserdata       = 000000005124D5F8
[LOG] SystemI::createSoundInternal             : exinfo->initialseekpostype = 1
[LOG] SystemI::DSPCodecPoolRegister            : register codec pool for pool type 5
[LOG] SystemI::createSoundInternal             : Sample 0/1: name='metalHardWallHit04', format=2, channels=2, frequency=48000, lengthbytes=6880, lengthpcm=26445, pcmblocksize=0, loopstart=0, loopend=0, mode=0x00000000, channelmask=0x00000000, channelorder=0, peakvolume=0.287018.
[LOG] SystemI::createSoundInternal             : Create name='', mode=0x02000202
[LOG] SystemI::createSoundInternal             : exinfo->cbsize             = 232
[LOG] SystemI::createSoundInternal             : exinfo->length             = 2243648
[LOG] SystemI::createSoundInternal             : exinfo->fileoffset         = 145248
[LOG] SystemI::createSoundInternal             : exinfo->numsubsounds       = 1
[LOG] SystemI::createSoundInternal             : exinfo->inclusionlist      = 000000005066F5FC
[LOG] SystemI::createSoundInternal             : exinfo->inclusionlistnum   = 1
[LOG] SystemI::createSoundInternal             : exinfo->suggestedsoundtype = 5
[LOG] SystemI::createSoundInternal             : exinfo->useropen           = 000007FED56BDA20
[LOG] SystemI::createSoundInternal             : exinfo->userclose          = 000007FED56BD9F0
[LOG] SystemI::createSoundInternal             : exinfo->userread           = 000007FED56BDAF0
[LOG] SystemI::createSoundInternal             : exinfo->userseek           = 000007FED56BDBB0
[LOG] SystemI::createSoundInternal             : exinfo->fileuserdata       = 000000005124D5F8
[LOG] SystemI::createSoundInternal             : exinfo->initialseekpostype = 1
[LOG] SystemI::DSPCodecPoolRegister            : register codec pool for pool type 5
[LOG] SystemI::createSoundInternal             : Sample 0/1: name='metalSoftWallHit01', format=2, channels=2, frequency=48000, lengthbytes=7968, lengthpcm=32194, pcmblocksize=0, loopstart=0, loopend=0, mode=0x00000000, channelmask=0x00000000, channelorder=0, peakvolume=0.134979.
[LOG] SystemI::createSoundInternal             : Create name='', mode=0x02000202
[LOG] SystemI::createSoundInternal             : exinfo->cbsize             = 232
[LOG] SystemI::createSoundInternal             : exinfo->length             = 2243648
[LOG] SystemI::createSoundInternal             : exinfo->fileoffset         = 145248
[LOG] SystemI::createSoundInternal             : exinfo->numsubsounds       = 1
[LOG] SystemI::createSoundInternal             : exinfo->inclusionlist      = 000000005066F5FC
[LOG] SystemI::createSoundInternal             : exinfo->inclusionlistnum   = 1
[LOG] SystemI::createSoundInternal             : exinfo->suggestedsoundtype = 5
[LOG] SystemI::createSoundInternal             : exinfo->useropen           = 000007FED56BDA20
[LOG] SystemI::createSoundInternal             : exinfo->userclose          = 000007FED56BD9F0
[LOG] SystemI::createSoundInternal             : exinfo->userread           = 000007FED56BDAF0
[LOG] SystemI::createSoundInternal             : exinfo->userseek           = 000007FED56BDBB0
[LOG] SystemI::createSoundInternal             : exinfo->fileuserdata       = 000000005124D5F8
[LOG] SystemI::createSoundInternal             : exinfo->initialseekpostype = 1
[LOG] SystemI::DSPCodecPoolRegister            : register codec pool for pool type 5
[LOG] SystemI::createSoundInternal             : Sample 0/1: name='barrel03', format=2, channels=2, frequency=48000, lengthbytes=11552, lengthpcm=43277, pcmblocksize=0, loopstart=0, loopend=0, mode=0x00000000, channelmask=0x00000000, channelorder=0, peakvolume=0.236298.
[WRN] PlaylistInstrumentInstance::startFullLengthHook : Attempting to schedule a sound in the past, this could cause inaccurate playback.
[WRN] PlaylistInstrumentInstance::startFullLengthHook : Attempting to schedule a sound in the past, this could cause inaccurate playback.
[LOG] SystemI::createSoundInternal             : Create name='', mode=0x02000202
[LOG] SystemI::createSoundInternal             : exinfo->cbsize             = 232
[LOG] SystemI::createSoundInternal             : exinfo->length             = 2243648
[LOG] SystemI::createSoundInternal             : exinfo->fileoffset         = 145248
[LOG] SystemI::createSoundInternal             : exinfo->numsubsounds       = 1
[LOG] SystemI::createSoundInternal             : exinfo->inclusionlist      = 000000005066F5FC
[LOG] SystemI::createSoundInternal             : exinfo->inclusionlistnum   = 1
[LOG] SystemI::createSoundInternal             : exinfo->suggestedsoundtype = 5
[LOG] SystemI::createSoundInternal             : exinfo->useropen           = 000007FED56BDA20
[LOG] SystemI::createSoundInternal             : exinfo->userclose          = 000007FED56BD9F0
[LOG] SystemI::createSoundInternal             : exinfo->userread           = 000007FED56BDAF0
[LOG] SystemI::createSoundInternal             : exinfo->userseek           = 000007FED56BDBB0
[LOG] SystemI::createSoundInternal             : exinfo->fileuserdata       = 000000005124D5F8
[LOG] SystemI::createSoundInternal             : exinfo->initialseekpostype = 1
[LOG] SystemI::DSPCodecPoolRegister            : register codec pool for pool type 5
[LOG] SystemI::createSoundInternal             : Sample 0/1: name='explosion6', format=2, channels=2, frequency=48000, lengthbytes=8288, lengthpcm=33579, pcmblocksize=0, loopstart=0, loopend=0, mode=0x00000000, channelmask=0x00000000, channelorder=0, peakvolume=0.999268.
[LOG] SystemI::createSoundInternal             : Create name='', mode=0x02000202
[LOG] SystemI::createSoundInternal             : exinfo->cbsize             = 232
[LOG] SystemI::createSoundInternal             : exinfo->length             = 2243648
[LOG] SystemI::createSoundInternal             : exinfo->fileoffset         = 145248
[LOG] SystemI::createSoundInternal             : exinfo->numsubsounds       = 1
[LOG] SystemI::createSoundInternal             : exinfo->inclusionlist      = 000000005066F5FC
[LOG] SystemI::createSoundInternal             : exinfo->inclusionlistnum   = 1
[LOG] SystemI::createSoundInternal             : exinfo->suggestedsoundtype = 5
[LOG] SystemI::createSoundInternal             : exinfo->useropen           = 000007FED56BDA20
[LOG] SystemI::createSoundInternal             : exinfo->userclose          = 000007FED56BD9F0
[LOG] SystemI::createSoundInternal             : exinfo->userread           = 000007FED56BDAF0
[LOG] SystemI::createSoundInternal             : exinfo->userseek           = 000007FED56BDBB0
[LOG] SystemI::createSoundInternal             : exinfo->fileuserdata       = 000000005124D5F8
[LOG] SystemI::createSoundInternal             : exinfo->initialseekpostype = 1
[LOG] SystemI::DSPCodecPoolRegister            : register codec pool for pool type 5
[LOG] SystemI::createSoundInternal             : Sample 0/1: name='explosion4', format=2, channels=2, frequency=48000, lengthbytes=7232, lengthpcm=32152, pcmblocksize=0, loopstart=0, loopend=0, mode=0x00000000, channelmask=0x00000000, channelorder=0, peakvolume=0.990845.
[LOG] SystemI::createSoundInternal             : Create name='', mode=0x02000202
[LOG] SystemI::createSoundInternal             : exinfo->cbsize             = 232
[LOG] SystemI::createSoundInternal             : exinfo->length             = 2243648
[LOG] SystemI::createSoundInternal             : exinfo->fileoffset         = 145248
[LOG] SystemI::createSoundInternal             : exinfo->numsubsounds       = 1
[LOG] SystemI::createSoundInternal             : exinfo->inclusionlist      = 000000005066F5FC
[LOG] SystemI::createSoundInternal             : exinfo->inclusionlistnum   = 1
[LOG] SystemI::createSoundInternal             : exinfo->suggestedsoundtype = 5
[LOG] SystemI::createSoundInternal             : exinfo->useropen           = 000007FED56BDA20
[LOG] SystemI::createSoundInternal             : exinfo->userclose          = 000007FED56BD9F0
[LOG] SystemI::createSoundInternal             : exinfo->userread           = 000007FED56BDAF0
[LOG] SystemI::createSoundInternal             : exinfo->userseek           = 000007FED56BDBB0
[LOG] SystemI::createSoundInternal             : exinfo->fileuserdata       = 000000005124D5F8
[LOG] SystemI::createSoundInternal             : exinfo->initialseekpostype = 1
[LOG] SystemI::DSPCodecPoolRegister            : register codec pool for pool type 5
[LOG] SystemI::createSoundInternal             : Sample 0/1: name='explosion5', format=2, channels=2, frequency=48000, lengthbytes=4864, lengthpcm=25730, pcmblocksize=0, loopstart=0, loopend=0, mode=0x00000000, channelmask=0x00000000, channelorder=0, peakvolume=0.990845.
[LOG] SystemI::createSoundInternal             : Create name='', mode=0x02000202
[LOG] SystemI::createSoundInternal             : exinfo->cbsize             = 232
[LOG] SystemI::createSoundInternal             : exinfo->length             = 2243648
[LOG] SystemI::createSoundInternal             : exinfo->fileoffset         = 145248
[LOG] SystemI::createSoundInternal             : exinfo->numsubsounds       = 1
[LOG] SystemI::createSoundInternal             : exinfo->inclusionlist      = 000000005066F5FC
[LOG] SystemI::createSoundInternal             : exinfo->inclusionlistnum   = 1
[LOG] SystemI::createSoundInternal             : exinfo->suggestedsoundtype = 5
[LOG] SystemI::createSoundInternal             : exinfo->useropen           = 000007FED56BDA20
[LOG] SystemI::createSoundInternal             : exinfo->userclose          = 000007FED56BD9F0
[LOG] SystemI::createSoundInternal             : exinfo->userread           = 000007FED56BDAF0
[LOG] SystemI::createSoundInternal             : exinfo->userseek           = 000007FED56BDBB0
[LOG] SystemI::createSoundInternal             : exinfo->fileuserdata       = 000000005124D5F8
[LOG] SystemI::createSoundInternal             : exinfo->initialseekpostype = 1
[LOG] SystemI::DSPCodecPoolRegister            : register codec pool for pool type 5
[LOG] SystemI::createSoundInternal             : Sample 0/1: name='hurt', format=2, channels=2, frequency=48000, lengthbytes=30016, lengthpcm=288000, pcmblocksize=0, loopstart=0, loopend=0, mode=0x00000000, channelmask=0x00000000, channelorder=0, peakvolume=0.053658.
[LOG] SystemI::createSoundInternal             : Create name='', mode=0x02000202
[LOG] SystemI::createSoundInternal             : exinfo->cbsize             = 232
[LOG] SystemI::createSoundInternal             : exinfo->length             = 2243648
[LOG] SystemI::createSoundInternal             : exinfo->fileoffset         = 145248
[LOG] SystemI::createSoundInternal             : exinfo->numsubsounds       = 1
[LOG] SystemI::createSoundInternal             : exinfo->inclusionlist      = 000000005066F5FC
[LOG] SystemI::createSoundInternal             : exinfo->inclusionlistnum   = 1
[LOG] SystemI::createSoundInternal             : exinfo->suggestedsoundtype = 5
[LOG] SystemI::createSoundInternal             : exinfo->useropen           = 000007FED56BDA20
[LOG] SystemI::createSoundInternal             : exinfo->userclose          = 000007FED56BD9F0
[LOG] SystemI::createSoundInternal             : exinfo->userread           = 000007FED56BDAF0
[LOG] SystemI::createSoundInternal             : exinfo->userseek           = 000007FED56BDBB0
[LOG] SystemI::createSoundInternal             : exinfo->fileuserdata       = 000000005124D5F8
[LOG] SystemI::createSoundInternal             : exinfo->initialseekpostype = 1
[LOG] SystemI::DSPCodecPoolRegister            : register codec pool for pool type 5
[LOG] SystemI::createSoundInternal             : Sample 0/1: name='explosion2', format=2, channels=1, frequency=48000, lengthbytes=5824, lengthpcm=34411, pcmblocksize=0, loopstart=0, loopend=0, mode=0x00000000, channelmask=0x00000000, channelorder=0, peakvolume=0.990845.
[LOG] SystemI::createSoundInternal             : Create name='', mode=0x02000202
[LOG] SystemI::createSoundInternal             : exinfo->cbsize             = 232
[LOG] SystemI::createSoundInternal             : exinfo->length             = 2243648
[LOG] SystemI::createSoundInternal             : exinfo->fileoffset         = 145248
[LOG] SystemI::createSoundInternal             : exinfo->numsubsounds       = 1
[LOG] SystemI::createSoundInternal             : exinfo->inclusionlist      = 000000005066F5FC
[LOG] SystemI::createSoundInternal             : exinfo->inclusionlistnum   = 1
[LOG] SystemI::createSoundInternal             : exinfo->suggestedsoundtype = 5
[LOG] SystemI::createSoundInternal             : exinfo->useropen           = 000007FED56BDA20
[LOG] SystemI::createSoundInternal             : exinfo->userclose          = 000007FED56BD9F0
[LOG] SystemI::createSoundInternal             : exinfo->userread           = 000007FED56BDAF0
[LOG] SystemI::createSoundInternal             : exinfo->userseek           = 000007FED56BDBB0
[LOG] SystemI::createSoundInternal             : exinfo->fileuserdata       = 000000005124D5F8
[LOG] SystemI::createSoundInternal             : exinfo->initialseekpostype = 1
[LOG] SystemI::DSPCodecPoolRegister            : register codec pool for pool type 5
[LOG] SystemI::createSoundInternal             : Sample 0/1: name='explosion1', format=2, channels=2, frequency=48000, lengthbytes=9792, lengthpcm=40051, pcmblocksize=0, loopstart=0, loopend=0, mode=0x00000000, channelmask=0x00000000, channelorder=0, peakvolume=0.990845.
[LOG] SystemI::createSoundInternal             : Create name='', mode=0x02000202
[LOG] SystemI::createSoundInternal             : exinfo->cbsize             = 232
[LOG] SystemI::createSoundInternal             : exinfo->length             = 2243648
[LOG] SystemI::createSoundInternal             : exinfo->fileoffset         = 145248
[LOG] SystemI::createSoundInternal             : exinfo->numsubsounds       = 1
[LOG] SystemI::createSoundInternal             : exinfo->inclusionlist      = 000000005066F5FC
[LOG] SystemI::createSoundInternal             : exinfo->inclusionlistnum   = 1
[LOG] SystemI::createSoundInternal             : exinfo->suggestedsoundtype = 5
[LOG] SystemI::createSoundInternal             : exinfo->useropen           = 000007FED56BDA20
[LOG] SystemI::createSoundInternal             : exinfo->userclose          = 000007FED56BD9F0
[LOG] SystemI::createSoundInternal             : exinfo->userread           = 000007FED56BDAF0
[LOG] SystemI::createSoundInternal             : exinfo->userseek           = 000007FED56BDBB0
[LOG] SystemI::createSoundInternal             : exinfo->fileuserdata       = 000000005124D5F8
[LOG] SystemI::createSoundInternal             : exinfo->initialseekpostype = 1
[LOG] SystemI::DSPCodecPoolRegister            : register codec pool for pool type 5
[LOG] SystemI::createSoundInternal             : Sample 0/1: name='explosion3', format=2, channels=2, frequency=48000, lengthbytes=5344, lengthpcm=21986, pcmblocksize=0, loopstart=0, loopend=0, mode=0x00000000, channelmask=0x00000000, channelorder=0, peakvolume=0.990845.
[LOG] Manager::readBank                        : fileversion = 100, compatVersion = 99 (oldest = 44, newest = 100)
[LOG] Manager::readBank                        : fileversion = 100, compatVersion = 99 (oldest = 44, newest = 100)
[LOG] SoundI::release                          :  (000000004C2E1178)
[LOG] SoundI::release                          :     explosion1 (00000000510F4878)
[LOG] SoundI::release                          :  (000000004C2E1008)
[LOG] SoundI::release                          :     explosion2 (00000000510F46D8)
[LOG] SoundI::release                          :  (000000004C2E12E8)
[LOG] SoundI::release                          :     explosion3 (00000000510F4A18)
[LOG] SoundI::release                          :  (0000000046A93798)
[LOG] SoundI::release                          :     explosion4 (00000000510F41F8)
[LOG] SoundI::release                          :  (000000004C2E0D28)
[LOG] SoundI::release                          :     explosion5 (00000000510F4398)
[LOG] SoundI::release                          :  (0000000046A93628)
[LOG] SoundI::release                          :     explosion6 (00000000510F4058)
[LOG] SoundI::release                          :  (00000000512C7F48)
[LOG] SoundI::release                          :     stepCarpet01 (00000000428271B8)
[LOG] SoundI::release                          :  (000000003763D408)
[LOG] SoundI::release                          :     stepCarpet02 (000000002F7F02A8)
[LOG] SoundI::release                          :  (000000003763CB68)
[LOG] SoundI::release                          :     stepCarpet03 (000000002F7EF8E8)
[LOG] SoundI::release                          :  (000000002F8B2CF8)
[LOG] SoundI::release                          :     stepCarpet04 (000000004284A8B8)
[LOG] SoundI::release                          :  (000000003763D298)
[LOG] SoundI::release                          :     stepCarpet05 (000000002F7F0108)
[LOG] SoundI::release                          :  (00000000434FC2F8)
[LOG] SoundI::release                          :     stepCarpet06 (0000000046B8CD18)
[LOG] SoundI::release                          :  (00000000512C8228)
[LOG] SoundI::release                          :     stepCarpet07 (00000000428274F8)
[LOG] SoundI::release                          :  (00000000464B9378)
[LOG] SoundI::release                          :     stepCarpet08 (0000000041EE86D8)
[LOG] SoundI::release                          :  (00000000512C7AF8)
[LOG] SoundI::release                          :     stepCarpet09 (0000000042826CD8)
[LOG] SoundI::release                          :  (000000003763CCD8)
[LOG] SoundI::release                          :     stepCarpet10 (000000002F7EFA88)
[LOG] SoundI::release                          :  (000000002F8B3708)
[LOG] SoundI::release                          :     stepCarpet11 (000000004284B418)
[LOG] SoundI::release                          :  (00000000464BA068)
[LOG] SoundI::release                          :     stepWood01 (000000002F7EF408)
[LOG] SoundI::release                          :  (00000000434FBEA8)
[LOG] SoundI::release                          :     stepWood02 (00000000428281F8)
[LOG] SoundI::release                          :  (000000002F8B2E68)
[LOG] SoundI::release                          :     stepWood03 (000000004284AA58)
[LOG] SoundI::release                          :  (00000000512C80B8)
[LOG] SoundI::release                          :     stepWood04 (0000000042827358)
[LOG] SoundI::release                          :  (000000005124BD28)
[LOG] SoundI::release                          :     stepWood05 (0000000046B8D878)
[LOG] SoundI::release                          :  (000000002F8B3428)
[LOG] SoundI::release                          :     stepWood06 (000000004284B0D8)
[LOG] SoundI::release                          :  (0000000046603378)
[LOG] SoundI::release                          :     stepWood07 (000000002F7F0AC8)
[LOG] SoundI::release                          :  (000000003763CFB8)
[LOG] SoundI::release                          :     stepWood08 (000000002F7EFDC8)
[LOG] SoundI::release                          :  (000000002F8B32B8)
[LOG] SoundI::release                          :     stepWood09 (000000004284AF38)
[LOG] SoundI::release                          :  (0000000046603208)
[LOG] SoundI::release                          :     stepWood10 (000000002F7F0C68)
[LOG] SoundI::release                          :  (00000000512C8508)
[LOG] SoundI::release                          :     stepWood11 (0000000042827838)
[LOG] SoundI::release                          :  (000000002F8B2FD8)
[LOG] SoundI::release                          :     stepWood12 (000000004284ABF8)
[LOG] SoundI::release                          :  (00000000464B9EF8)
[LOG] SoundI::release                          :     stepWood13 (0000000041EE93D8)
[LOG] SoundI::release                          :  (0000000046602F28)
[LOG] SoundI::release                          :     stepWood14 (000000002F7F0FA8)
[LOG] SoundI::release                          :  (0000000046602C48)
[LOG] SoundI::release                          :     stepWood15 (000000002F7F0788)
[LOG] SoundI::release                          :  (000000005124BBB8)
[LOG] SoundI::release                          :     stepWood16 (0000000046B8D6D8)
[LOG] SoundI::release                          :  (00000000464B9658)
[LOG] SoundI::release                          :     stepWood17 (0000000041EE8A18)
[LOG] SoundI::release                          :  (00000000434FB8E8)
[LOG] SoundI::release                          :     stepWood18 (0000000042827B78)
[LOG] SoundI::release                          :  (000000003763D578)
[LOG] SoundI::release                          :     stepWood19 (000000002F7F0448)
[LOG] SoundI::release                          :  (00000000464B9AA8)
[LOG] SoundI::release                          :     stepWood20 (0000000041EE8EF8)
[LOG] SoundI::release                          :  (00000000512C7C68)
[LOG] SoundI::release                          :     FOOTSTEP_Trainers_Gravel_Compact_Walk_Slow_RR1_mono (0000000042826E78)
[LOG] SoundI::release                          :  (00000000434FBA58)
[LOG] SoundI::release                          :     FOOTSTEP_Trainers_Gravel_Compact_Walk_Slow_RR2_mono (0000000042827D18)
[LOG] SoundI::release                          :  (00000000464B97C8)
[LOG] SoundI::release                          :     FOOTSTEP_Trainers_Gravel_Compact_Walk_Slow_RR3_mono (0000000041EE8BB8)
[LOG] SoundI::release                          :  (000000003763C888)
[LOG] SoundI::release                          :     FOOTSTEP_Trainers_Gravel_Compact_Walk_Slow_RR4_mono (000000002F7EF5A8)
[LOG] SoundI::release                          :  (00000000466037C8)
[LOG] SoundI::release                          :     FOOTSTEP_Trainers_Gravel_Compact_Walk_Slow_RR5_mono (00000000428267F8)
[LOG] SoundI::release                          :  (000000003763CE48)
[LOG] SoundI::release                          :     FOOTSTEP_Trainers_Gravel_Compact_Walk_Slow_RR6_mono (000000002F7EFC28)
[LOG] SoundI::release                          :  (0000000046602DB8)
[LOG] SoundI::release                          :     FOOTSTEP_Trainers_Gravel_Compact_Walk_Slow_RR7_mono (000000002F7F0928)
[LOG] SoundI::release                          :  (00000000464B94E8)
[LOG] SoundI::release                          :     FOOTSTEP_Trainers_Gravel_Compact_Walk_Slow_RR8_mono (0000000041EE8878)
[LOG] SoundI::release                          :  (000000005124B5F8)
[LOG] SoundI::release                          :     stepMetal01 (0000000046B8D058)
[LOG] SoundI::release                          :  (000000002F8B3598)
[LOG] SoundI::release                          :     stepMetal02 (000000004284B278)
[LOG] SoundI::release                          :  (00000000434FB778)
[LOG] SoundI::release                          :     stepMetal03 (00000000428279D8)
[LOG] SoundI::release                          :  (000000003763C9F8)
[LOG] SoundI::release                          :     stepMetal04 (000000002F7EF748)
[LOG] SoundI::release                          :  (000000002F8B3148)
[LOG] SoundI::release                          :     stepMetal05 (000000004284AD98)
[LOG] SoundI::release                          :  (00000000434FBD38)
[LOG] SoundI::release                          :     stepMetal06 (0000000042828058)
[LOG] SoundI::release                          :  (000000005124BA48)
[LOG] SoundI::release                          :     Footstep dirt LOW 000 (0000000046B8D538)
[LOG] SoundI::release                          :  (000000005124B768)
[LOG] SoundI::release                          :     Footstep dirt LOW 001 (0000000046B8D1F8)
[LOG] SoundI::release                          :  (00000000512C7988)
[LOG] SoundI::release                          :     Footstep dirt LOW 002 (0000000042826B38)
[LOG] SoundI::release                          :  (00000000512C7818)
[LOG] SoundI::release                          :     Footstep dirt LOW 003 (0000000042826998)
[LOG] SoundI::release                          :  (00000000434FC468)
[LOG] SoundI::release                          :     Footstep dirt LOW 004 (0000000046B8CEB8)
[LOG] SoundI::release                          :  (000000003763D128)
[LOG] SoundI::release                          :     Footstep dirt LOW 005 (000000002F7EFF68)
[LOG] SoundI::release                          :  (00000000512C8398)
[LOG] SoundI::release                          :     Footstep dirt LOW 006 (0000000042827698)
[LOG] SoundI::release                          :  (0000000046602AD8)
[LOG] SoundI::release                          :     Footstep dirt LOW 007 (000000002F7F05E8)
[LOG] SoundI::release                          :  (00000000512C7DD8)
[LOG] SoundI::release                          :     pack01 (0000000042827018)
[LOG] SoundI::release                          :  (00000000466034E8)
[LOG] SoundI::release                          :     pack02 (000000002F7F1148)
[LOG] SoundI::release                          :  (00000000434FC018)
[LOG] SoundI::release                          :     pack03 (0000000042828398)
[LOG] SoundI::release                          :  (0000000046603098)
[LOG] SoundI::release                          :     pack04 (000000002F7F0E08)
[LOG] SoundI::release                          :  (000000005124B8D8)
[LOG] SoundI::release                          :     pack05 (0000000046B8D398)
[LOG] SoundI::release                          :  (0000000046603658)
[LOG] SoundI::release                          :     pack06 (0000000042826658)
[LOG] SoundI::release                          :  (00000000434FC188)
[LOG] SoundI::release                          :     pack07 (0000000046B8CB78)
[LOG] SoundI::release                          :  (00000000464B9D88)
[LOG] SoundI::release                          :     pack08 (0000000041EE9238)
[LOG] SoundI::release                          :  (00000000464B9C18)
[LOG] SoundI::release                          :     pack09 (0000000041EE9098)
[LOG] SoundI::release                          : FightSoundtrack2 (000000003888EDB8)
[LOG] SoundI::release                          :     FightSoundtrack2 (000000004378B178)
[LOG] SoundI::release                          :     FightSoundtrack2 (000000003888F988)
[LOG] SoundI::release                          :  (000000002F8B2B88)
[LOG] SoundI::release                          :     pack10 (000000004284A718)
[LOG] SoundI::release                          :  (00000000434FBBC8)
[LOG] SoundI::release                          :     pack11 (0000000042827EB8)
[LOG] SoundI::release                          :  (00000000464B9938)
[LOG] SoundI::release                          :     pack12 (0000000041EE8D58)
[LOG] SoundI::release                          :  (0000000035FFC6A8)
[LOG] SoundI::release                          :     grunt01 (000000004378BBB8)
[LOG] SoundI::release                          :  (0000000050F78248)
[LOG] SoundI::release                          :     grunt02 (000000004378BEF8)
[LOG] SoundI::release                          :  (0000000035FFC538)
[LOG] SoundI::release                          :     grunt03 (0000000046B8E8B8)
[LOG] SoundI::release                          :  (0000000035FFBC98)
[LOG] SoundI::release                          :     grunt04 (000000004378BA18)
[LOG] SoundI::release                          :  (0000000035FFC818)
[LOG] SoundI::release                          :     grunt05 (000000004378BD58)
[LOG] SoundI::release                          :  (000000004C2E0E98)
[LOG] SoundI::release                          :     hurt (00000000510F4538)
[LOG] SoundI::release                          :  (0000000050F78978)
[LOG] SoundI::release                          :     metalHardWallHit01 (000000004378C718)
[LOG] SoundI::release                          :  (0000000050F78AE8)
[LOG] SoundI::release                          :     metalHardWallHit02 (000000004378C8B8)
[LOG] SoundI::release                          :  (0000000046A92AA8)
[LOG] SoundI::release                          :     metalHardWallHit03 (000000004378CF38)
[LOG] SoundI::release                          :  (0000000046A931D8)
[LOG] SoundI::release                          :     metalHardWallHit04 (000000004378D758)
[LOG] SoundI::release                          :  (0000000046A92D88)
[LOG] SoundI::release                          :     metalHardWallHit05 (000000004378D278)
[LOG] SoundI::release                          :  (0000000046A93348)
[LOG] SoundI::release                          :     metalSoftWallHit01 (00000000510F3D18)
[LOG] SoundI::release                          :  (0000000050F78808)
[LOG] SoundI::release                          :     metalSoftWallHit02 (000000004378C578)
[LOG] SoundI::release                          :  (0000000050F78F38)
[LOG] SoundI::release                          :     metalSoftWallHit03 (000000004378CD98)
[LOG] SoundI::release                          :  (0000000046A92C18)
[LOG] SoundI::release                          :     metalSoftWallHit04 (000000004378D0D8)
[LOG] SoundI::release                          :  (0000000046A92EF8)
[LOG] SoundI::release                          :     metalSoftWallHit05 (000000004378D418)
[LOG] SoundI::release                          :  (0000000050F78DC8)
[LOG] SoundI::release                          :     barrel02 (000000004378CBF8)
[LOG] SoundI::release                          :  (0000000046A934B8)
[LOG] SoundI::release                          :     barrel03 (00000000510F3EB8)
[LOG] SoundI::release                          :  (0000000050F78528)
[LOG] SoundI::release                          :     barrel04 (000000004378C238)
[LOG] SoundI::release                          :  (0000000050F78C58)
[LOG] SoundI::release                          :     barrel05 (000000004378CA58)
[LOG] SoundI::release                          :  (0000000046A93068)
[LOG] SoundI::release                          :     barrel06 (000000004378D5B8)
[LOG] SoundI::release                          :  (0000000050F783B8)
[LOG] SoundI::release                          :     barrelMain01 (000000004378C098)
[LOG] SoundI::release                          :  (0000000050F78698)
[LOG] SoundI::release                          :     barrel01 (000000004378C3D8)
[LOG] Thread::callback                         : FMOD Studio update thread finished.
[LOG] Thread::callback                         : FMOD Studio bank load thread finished.
[LOG] Profile::disconnectAll                   : Profiler disconnecting all clients
[LOG] Thread::callback                         : FMOD Studio sample load thread finished.
[LOG] LiveUpdate::release                      : 
[LOG] LiveUpdate::reset                        : Reset connection (reason Disconnected)
[LOG] Thread::callback                         : FMOD stream thread finished.
[LOG] Thread::callback                         : FMOD mixer thread finished.
[LOG] Profile::disconnectAll                   : Profiler disconnecting all clients
[LOG] SystemI::close                           : Closed.
[LOG] Manager::readBank                        : fileversion = 100, compatVersion = 99 (oldest = 44, newest = 100)
[LOG] Manager::readBank                        : fileversion = 100, compatVersion = 99 (oldest = 44, newest = 100)
[LOG] Manager::readBank                        : fileversion = 100, compatVersion = 99 (oldest = 44, newest = 100)
[LOG] Manager::readBank                        : fileversion = 100, compatVersion = 99 (oldest = 44, newest = 100)
[LOG] Manager::readBank                        : fileversion = 100, compatVersion = 99 (oldest = 44, newest = 100)
[LOG] Manager::readBank                        : fileversion = 100, compatVersion = 99 (oldest = 44, newest = 100)
[LOG] PlaybackSystem::acquireMasterBus         : Setting master channel group format to 3
